<?xml version="1.0" encoding="UTF-8"?>
<testsuite name="apiauto.TestReqres" tests="6" skipped="0" failures="0" errors="0" timestamp="2025-02-02T07:13:23" hostname="fv-az1444-301" time="4.733">
  <properties/>
  <testcase name="testDeleteUser" classname="apiauto.TestReqres" time="2.107"/>
  <testcase name="testGetListUsers" classname="apiauto.TestReqres" time="0.966"/>
  <testcase name="testPatchUser" classname="apiauto.TestReqres" time="0.296"/>
  <testcase name="testPostCreateUser" classname="apiauto.TestReqres" time="0.226"/>
  <testcase name="testPutUser" classname="apiauto.TestReqres" time="0.459"/>
  <testcase name="testValidateJsonSchemaGetSingleUser" classname="apiauto.TestReqres" time="0.604"/>
  <system-out><![CDATA[Request method:	DELETE
Request URI:	https://reqres.in/api/users/4
Proxy:			<none>
Request params:	<none>
Query params:	<none>
Form params:	<none>
Path params:	<none>
Headers:		Accept=*/*
Cookies:		<none>
Multiparts:		<none>
Body:			<none>
HTTP/1.1 204 No Content
Date: Sun, 02 Feb 2025 07:13:25 GMT
Connection: keep-alive
Cf-Ray: 90b860e76b58f283-IAD
Server: cloudflare
Report-To: {"group":"heroku-nel","max_age":3600,"endpoints":[{"url":"https://nel.heroku.com/reports?ts=1738480405&sid=c4c9725f-1ab0-44d8-820f-430df2718e11&s=VGFZadSCOVZDxzO54nOufUCaNl%2BQO0X2GQY7p4UGb4c%3D"}]}
Reporting-Endpoints: heroku-nel=https://nel.heroku.com/reports?ts=1738480405&sid=c4c9725f-1ab0-44d8-820f-430df2718e11&s=VGFZadSCOVZDxzO54nOufUCaNl%2BQO0X2GQY7p4UGb4c%3D
Nel: {"report_to":"heroku-nel","max_age":3600,"success_fraction":0.005,"failure_fraction":0.05,"response_headers":["Via"]}
X-Powered-By: Express
Access-Control-Allow-Origin: *
Etag: W/"2-vyGp6PvFo4RvsFtPoIWeCReyIC8"
Via: 1.1 vegur
Cf-Cache-Status: DYNAMIC
server-timing: cfL4;desc="?proto=TCP&rtt=1508&min_rtt=1393&rtt_var=605&sent=7&recv=7&lost=0&retrans=0&sent_bytes=3108&recv_bytes=762&delivery_rate=3075376&cwnd=252&unsent_bytes=0&cid=e21dc2bfa216ad1a&ts=297&x=0"
HTTP/1.1 200 OK
Date: Sun, 02 Feb 2025 07:13:26 GMT
Content-Type: application/json; charset=utf-8
Transfer-Encoding: chunked
Connection: keep-alive
Report-To: {"group":"heroku-nel","max_age":3600,"endpoints":[{"url":"https://nel.heroku.com/reports?ts=1738477816&sid=c4c9725f-1ab0-44d8-820f-430df2718e11&s=mHjn0NagORinQZb803SbbUwlPPd%2B9FzF5wIYaL9tSa0%3D"}]}
Reporting-Endpoints: heroku-nel=https://nel.heroku.com/reports?ts=1738477816&sid=c4c9725f-1ab0-44d8-820f-430df2718e11&s=mHjn0NagORinQZb803SbbUwlPPd%2B9FzF5wIYaL9tSa0%3D
Nel: {"report_to":"heroku-nel","max_age":3600,"success_fraction":0.005,"failure_fraction":0.05,"response_headers":["Via"]}
X-Powered-By: Express
Access-Control-Allow-Origin: *
Etag: W/"440-ZjsmMKR8P3usr2uJZbOCGCxC3Uw"
Via: 1.1 vegur
Cache-Control: max-age=14400
CF-Cache-Status: HIT
Age: 2590
Vary: Accept-Encoding
Server: cloudflare
CF-RAY: 90b860e9dc8a826e-IAD
Content-Encoding: gzip
server-timing: cfL4;desc="?proto=TCP&rtt=7759&min_rtt=1424&rtt_var=4422&sent=5&recv=7&lost=0&retrans=0&sent_bytes=3107&recv_bytes=764&delivery_rate=3008426&cwnd=253&unsent_bytes=0&cid=7c168cbf53ece1c9&ts=27&x=0"

{
    "page": 2,
    "per_page": 6,
    "total": 12,
    "total_pages": 2,
    "data": [
        {
            "id": 7,
            "email": "michael.lawson@reqres.in",
            "first_name": "Michael",
            "last_name": "Lawson",
            "avatar": "https://reqres.in/img/faces/7-image.jpg"
        },
        {
            "id": 8,
            "email": "lindsay.ferguson@reqres.in",
            "first_name": "Lindsay",
            "last_name": "Ferguson",
            "avatar": "https://reqres.in/img/faces/8-image.jpg"
        },
        {
            "id": 9,
            "email": "tobias.funke@reqres.in",
            "first_name": "Tobias",
            "last_name": "Funke",
            "avatar": "https://reqres.in/img/faces/9-image.jpg"
        },
        {
            "id": 10,
            "email": "byron.fields@reqres.in",
            "first_name": "Byron",
            "last_name": "Fields",
            "avatar": "https://reqres.in/img/faces/10-image.jpg"
        },
        {
            "id": 11,
            "email": "george.edwards@reqres.in",
            "first_name": "George",
            "last_name": "Edwards",
            "avatar": "https://reqres.in/img/faces/11-image.jpg"
        },
        {
            "id": 12,
            "email": "rachel.howell@reqres.in",
            "first_name": "Rachel",
            "last_name": "Howell",
            "avatar": "https://reqres.in/img/faces/12-image.jpg"
        }
    ],
    "support": {
        "url": "https://contentcaddy.io?utm_source=reqres&utm_medium=json&utm_campaign=referral",
        "text": "Tired of writing endless social media content? Let Content Caddy generate it for you."
    }
}
Previous Name Before PATCH: Emma
Request method:	PATCH
Request URI:	https://reqres.in/api/users/3
Proxy:			<none>
Request params:	<none>
Query params:	<none>
Form params:	<none>
Path params:	<none>
Headers:		Accept=*/*
				Content-Type=application/json
Cookies:		<none>
Multiparts:		<none>
Body:
{
    "first_name": "Indra New Patch"
}
HTTP/1.1 200 OK
Date: Sun, 02 Feb 2025 07:13:27 GMT
Content-Type: application/json; charset=utf-8
Transfer-Encoding: chunked
Connection: keep-alive
Report-To: {"group":"heroku-nel","max_age":3600,"endpoints":[{"url":"https://nel.heroku.com/reports?ts=1738480407&sid=c4c9725f-1ab0-44d8-820f-430df2718e11&s=eYmF2O7rFr1d%2FQdgONheeCLqaupsE2ZtuB79RG47y1c%3D"}]}
Reporting-Endpoints: heroku-nel=https://nel.heroku.com/reports?ts=1738480407&sid=c4c9725f-1ab0-44d8-820f-430df2718e11&s=eYmF2O7rFr1d%2FQdgONheeCLqaupsE2ZtuB79RG47y1c%3D
Nel: {"report_to":"heroku-nel","max_age":3600,"success_fraction":0.005,"failure_fraction":0.05,"response_headers":["Via"]}
X-Powered-By: Express
Access-Control-Allow-Origin: *
Etag: W/"47-zXiwd2RLLTMIKpDQG6ON5yrUYCY"
Via: 1.1 vegur
cf-cache-status: DYNAMIC
Server: cloudflare
CF-RAY: 90b860f03d09f27c-IAD
Content-Encoding: gzip
server-timing: cfL4;desc="?proto=TCP&rtt=1430&min_rtt=1419&rtt_var=555&sent=6&recv=7&lost=0&retrans=0&sent_bytes=3108&recv_bytes=845&delivery_rate=2831460&cwnd=252&unsent_bytes=0&cid=906274399586ed88&ts=161&x=0"

{
    "first_name": "Indra New Patch",
    "updatedAt": "2025-02-02T07:13:27.192Z"
}
HTTP/1.1 201 Created
Date: Sun, 02 Feb 2025 07:13:27 GMT
Content-Type: application/json; charset=utf-8
Content-Length: 82
Connection: keep-alive
Report-To: {"group":"heroku-nel","max_age":3600,"endpoints":[{"url":"https://nel.heroku.com/reports?ts=1738480407&sid=c4c9725f-1ab0-44d8-820f-430df2718e11&s=eYmF2O7rFr1d%2FQdgONheeCLqaupsE2ZtuB79RG47y1c%3D"}]}
Reporting-Endpoints: heroku-nel=https://nel.heroku.com/reports?ts=1738480407&sid=c4c9725f-1ab0-44d8-820f-430df2718e11&s=eYmF2O7rFr1d%2FQdgONheeCLqaupsE2ZtuB79RG47y1c%3D
Nel: {"report_to":"heroku-nel","max_age":3600,"success_fraction":0.005,"failure_fraction":0.05,"response_headers":["Via"]}
X-Powered-By: Express
Access-Control-Allow-Origin: *
Etag: W/"52-UZa9jRqvtlhUvMCyReUpiN3AVgQ"
Via: 1.1 vegur
cf-cache-status: DYNAMIC
Server: cloudflare
CF-RAY: 90b860f188183888-IAD
server-timing: cfL4;desc="?proto=TCP&rtt=1891&min_rtt=1699&rtt_var=774&sent=6&recv=7&lost=0&retrans=0&sent_bytes=3107&recv_bytes=855&delivery_rate=2521483&cwnd=252&unsent_bytes=0&cid=07e5e70c577f53e2&ts=180&x=0"

{
    "name": "Indra",
    "job": "Advisor",
    "id": "422",
    "createdAt": "2025-02-02T07:13:27.409Z"
}
Previous Name Before PUT: Janet
Request method:	PUT
Request URI:	https://reqres.in/api/users/2
Proxy:			<none>
Request params:	<none>
Query params:	<none>
Form params:	<none>
Path params:	<none>
Headers:		Accept=*/*
				Content-Type=application/json
Cookies:		<none>
Multiparts:		<none>
Body:
{
    "last_name": "Weaver",
    "id": 2,
    "avatar": "https://reqres.in/img/faces/2-image.jpg",
    "first_name": "Indra New Put",
    "email": "janet.weaver@reqres.in"
}
HTTP/1.1 200 OK
Date: Sun, 02 Feb 2025 07:13:27 GMT
Content-Type: application/json; charset=utf-8
Transfer-Encoding: chunked
Connection: keep-alive
Report-To: {"group":"heroku-nel","max_age":3600,"endpoints":[{"url":"https://nel.heroku.com/reports?ts=1738480407&sid=c4c9725f-1ab0-44d8-820f-430df2718e11&s=eYmF2O7rFr1d%2FQdgONheeCLqaupsE2ZtuB79RG47y1c%3D"}]}
Reporting-Endpoints: heroku-nel=https://nel.heroku.com/reports?ts=1738480407&sid=c4c9725f-1ab0-44d8-820f-430df2718e11&s=eYmF2O7rFr1d%2FQdgONheeCLqaupsE2ZtuB79RG47y1c%3D
Nel: {"report_to":"heroku-nel","max_age":3600,"success_fraction":0.005,"failure_fraction":0.05,"response_headers":["Via"]}
X-Powered-By: Express
Access-Control-Allow-Origin: *
Etag: W/"b5-H8MYO3ycGtAcZqW+TnjXafxfAVM"
Via: 1.1 vegur
CF-Cache-Status: DYNAMIC
Vary: Accept-Encoding
Server: cloudflare
CF-RAY: 90b860f47995592e-IAD
Content-Encoding: gzip
server-timing: cfL4;desc="?proto=TCP&rtt=1514&min_rtt=1511&rtt_var=574&sent=6&recv=7&lost=0&retrans=0&sent_bytes=3109&recv_bytes=954&delivery_rate=2780012&cwnd=252&unsent_bytes=0&cid=1b0d31e504b87e16&ts=176&x=0"

{
    "last_name": "Weaver",
    "id": 2,
    "avatar": "https://reqres.in/img/faces/2-image.jpg",
    "first_name": "Indra New Put",
    "email": "janet.weaver@reqres.in",
    "updatedAt": "2025-02-02T07:13:27.882Z"
}
Request method:	GET
Request URI:	https://reqres.in/api/users/5
Proxy:			<none>
Request params:	<none>
Query params:	<none>
Form params:	<none>
Path params:	<none>
Headers:		Accept=*/*
Cookies:		<none>
Multiparts:		<none>
Body:			<none>
HTTP/1.1 200 OK
Date: Sun, 02 Feb 2025 07:13:27 GMT
Content-Type: application/json; charset=utf-8
Transfer-Encoding: chunked
Connection: keep-alive
Report-To: {"group":"heroku-nel","max_age":3600,"endpoints":[{"url":"https://nel.heroku.com/reports?ts=1738477867&sid=c4c9725f-1ab0-44d8-820f-430df2718e11&s=A507edrok72EH3kUcn92T8glPTb%2F9%2BgN9nQQGXHcwZY%3D"}]}
Reporting-Endpoints: heroku-nel=https://nel.heroku.com/reports?ts=1738477867&sid=c4c9725f-1ab0-44d8-820f-430df2718e11&s=A507edrok72EH3kUcn92T8glPTb%2F9%2BgN9nQQGXHcwZY%3D
Nel: {"report_to":"heroku-nel","max_age":3600,"success_fraction":0.005,"failure_fraction":0.05,"response_headers":["Via"]}
X-Powered-By: Express
Access-Control-Allow-Origin: *
Etag: W/"156-G8PxZj/FnZQ+SpFBW92ACW7nB0E"
Via: 1.1 vegur
Cache-Control: max-age=14400
CF-Cache-Status: HIT
Age: 2540
Vary: Accept-Encoding
Server: cloudflare
CF-RAY: 90b860f5ca03c99b-IAD
Content-Encoding: gzip
server-timing: cfL4;desc="?proto=TCP&rtt=1520&min_rtt=1465&rtt_var=588&sent=5&recv=7&lost=0&retrans=0&sent_bytes=3109&recv_bytes=759&delivery_rate=2924232&cwnd=252&unsent_bytes=0&cid=f233097a24fb88e2&ts=20&x=0"

{
    "data": {
        "id": 5,
        "email": "charles.morris@reqres.in",
        "first_name": "Charles",
        "last_name": "Morris",
        "avatar": "https://reqres.in/img/faces/5-image.jpg"
    },
    "support": {
        "url": "https://contentcaddy.io?utm_source=reqres&utm_medium=json&utm_campaign=referral",
        "text": "Tired of writing endless social media content? Let Content Caddy generate it for you."
    }
}
]]></system-out>
  <system-err><![CDATA[]]></system-err>
</testsuite>
