<?xml version="1.0" encoding="UTF-8"?>
<testsuite name="apiauto.TestNegative" tests="2" skipped="0" failures="0" errors="0" timestamp="2025-02-02T07:11:08" hostname="fv-az1361-404" time="0.487">
  <properties/>
  <testcase name="testNegativeGetUser" classname="apiauto.TestNegative" time="0.305"/>
  <testcase name="testNegativeRegisterUnsuccessful" classname="apiauto.TestNegative" time="0.18"/>
  <system-out><![CDATA[HTTP/1.1 404 Not Found
Date: Sun, 02 Feb 2025 07:11:09 GMT
Content-Type: application/json; charset=utf-8
Content-Length: 2
Connection: keep-alive
Report-To: {"group":"heroku-nel","max_age":3600,"endpoints":[{"url":"https://nel.heroku.com/reports?ts=1738480269&sid=c4c9725f-1ab0-44d8-820f-430df2718e11&s=efZVjCk5AljQOKLdT9d8bquGdjKcfIF31hHC%2BXzdU4g%3D"}]}
Reporting-Endpoints: heroku-nel=https://nel.heroku.com/reports?ts=1738480269&sid=c4c9725f-1ab0-44d8-820f-430df2718e11&s=efZVjCk5AljQOKLdT9d8bquGdjKcfIF31hHC%2BXzdU4g%3D
Nel: {"report_to":"heroku-nel","max_age":3600,"success_fraction":0.005,"failure_fraction":0.05,"response_headers":["Via"]}
X-Powered-By: Express
Access-Control-Allow-Origin: *
Etag: W/"2-vyGp6PvFo4RvsFtPoIWeCReyIC8"
Via: 1.1 vegur
Cache-Control: max-age=14400
CF-Cache-Status: EXPIRED
Vary: Accept-Encoding
Server: cloudflare
CF-RAY: 90b85d908bd6c5c2-IAD
server-timing: cfL4;desc="?proto=TCP&rtt=958&min_rtt=958&rtt_var=361&sent=6&recv=7&lost=0&retrans=0&sent_bytes=3107&recv_bytes=762&delivery_rate=4439378&cwnd=252&unsent_bytes=0&cid=a6fc13fdeb58328b&ts=283&x=0"

{
    
}
HTTP/1.1 400 Bad Request
Date: Sun, 02 Feb 2025 07:11:09 GMT
Content-Type: application/json; charset=utf-8
Content-Length: 28
Connection: keep-alive
Report-To: {"group":"heroku-nel","max_age":3600,"endpoints":[{"url":"https://nel.heroku.com/reports?ts=1738480269&sid=c4c9725f-1ab0-44d8-820f-430df2718e11&s=efZVjCk5AljQOKLdT9d8bquGdjKcfIF31hHC%2BXzdU4g%3D"}]}
Reporting-Endpoints: heroku-nel=https://nel.heroku.com/reports?ts=1738480269&sid=c4c9725f-1ab0-44d8-820f-430df2718e11&s=efZVjCk5AljQOKLdT9d8bquGdjKcfIF31hHC%2BXzdU4g%3D
Nel: {"report_to":"heroku-nel","max_age":3600,"success_fraction":0.005,"failure_fraction":0.05,"response_headers":["Via"]}
X-Powered-By: Express
Access-Control-Allow-Origin: *
Etag: W/"1c-NmpazMScs9tOqR7eDEesn+pqC9Q"
Via: 1.1 vegur
cf-cache-status: DYNAMIC
Server: cloudflare
CF-RAY: 90b85d9268fa1785-IAD
server-timing: cfL4;desc="?proto=TCP&rtt=965&min_rtt=956&rtt_var=376&sent=6&recv=7&lost=0&retrans=0&sent_bytes=3107&recv_bytes=855&delivery_rate=4167315&cwnd=252&unsent_bytes=0&cid=c6bc58137fe2f134&ts=165&x=0"

{
    "error": "Missing password"
}
]]></system-out>
  <system-err><![CDATA[]]></system-err>
</testsuite>
