<?xml version="1.0" encoding="UTF-8"?>
<testsuite name="apiauto.TestNegative" tests="2" skipped="0" failures="0" errors="0" timestamp="2025-02-01T10:42:48" hostname="fv-az1691-944" time="0.401">
  <properties/>
  <testcase name="testNegativeGetUser" classname="apiauto.TestNegative" time="0.204"/>
  <testcase name="testNegativeRegisterUnsuccessful" classname="apiauto.TestNegative" time="0.195"/>
  <system-out><![CDATA[HTTP/1.1 404 Not Found
Date: Sat, 01 Feb 2025 10:42:48 GMT
Content-Type: application/json; charset=utf-8
Transfer-Encoding: chunked
Connection: keep-alive
Cf-Ray: 90b1563d9c58f602-ORD
Server: cloudflare
Report-To: {"group":"heroku-nel","max_age":3600,"endpoints":[{"url":"https://nel.heroku.com/reports?ts=1738406568&sid=c4c9725f-1ab0-44d8-820f-430df2718e11&s=Oj4yc1TpvERRT8UOvS16HBuvSBUBha1UHim9Ym447JI%3D"}]}
Reporting-Endpoints: heroku-nel=https://nel.heroku.com/reports?ts=1738406568&sid=c4c9725f-1ab0-44d8-820f-430df2718e11&s=Oj4yc1TpvERRT8UOvS16HBuvSBUBha1UHim9Ym447JI%3D
Nel: {"report_to":"heroku-nel","max_age":3600,"success_fraction":0.005,"failure_fraction":0.05,"response_headers":["Via"]}
X-Powered-By: Express
Access-Control-Allow-Origin: *
Etag: W/"2-vyGp6PvFo4RvsFtPoIWeCReyIC8"
Via: 1.1 vegur
Cache-Control: max-age=14400
Cf-Cache-Status: MISS
Vary: Accept-Encoding
Content-Encoding: gzip
server-timing: cfL4;desc="?proto=TCP&rtt=1777&min_rtt=1743&rtt_var=678&sent=6&recv=7&lost=0&retrans=0&sent_bytes=3105&recv_bytes=762&delivery_rate=2457831&cwnd=252&unsent_bytes=0&cid=fbb4f6c0f986ea04&ts=184&x=0"

{
    
}
HTTP/1.1 400 Bad Request
Date: Sat, 01 Feb 2025 10:42:48 GMT
Content-Type: application/json; charset=utf-8
Content-Length: 28
Connection: keep-alive
Report-To: {"group":"heroku-nel","max_age":3600,"endpoints":[{"url":"https://nel.heroku.com/reports?ts=1738406568&sid=c4c9725f-1ab0-44d8-820f-430df2718e11&s=Oj4yc1TpvERRT8UOvS16HBuvSBUBha1UHim9Ym447JI%3D"}]}
Reporting-Endpoints: heroku-nel=https://nel.heroku.com/reports?ts=1738406568&sid=c4c9725f-1ab0-44d8-820f-430df2718e11&s=Oj4yc1TpvERRT8UOvS16HBuvSBUBha1UHim9Ym447JI%3D
Nel: {"report_to":"heroku-nel","max_age":3600,"success_fraction":0.005,"failure_fraction":0.05,"response_headers":["Via"]}
X-Powered-By: Express
Access-Control-Allow-Origin: *
Etag: W/"1c-NmpazMScs9tOqR7eDEesn+pqC9Q"
Via: 1.1 vegur
cf-cache-status: DYNAMIC
Server: cloudflare
CF-RAY: 90b1563eec65876c-ORD
server-timing: cfL4;desc="?proto=TCP&rtt=1729&min_rtt=1664&rtt_var=671&sent=6&recv=7&lost=0&retrans=0&sent_bytes=3107&recv_bytes=855&delivery_rate=2574519&cwnd=252&unsent_bytes=0&cid=f5c3c453146be79e&ts=178&x=0"

{
    "error": "Missing password"
}
]]></system-out>
  <system-err><![CDATA[]]></system-err>
</testsuite>
