<?xml version="1.0" encoding="UTF-8"?>
<testsuite name="apiauto.TestNegative" tests="2" skipped="0" failures="0" errors="0" timestamp="2025-02-02T07:07:20" hostname="fv-az797-775" time="0.632">
  <properties/>
  <testcase name="testNegativeGetUser" classname="apiauto.TestNegative" time="0.319"/>
  <testcase name="testNegativeRegisterUnsuccessful" classname="apiauto.TestNegative" time="0.311"/>
  <system-out><![CDATA[HTTP/1.1 404 Not Found
Date: Sun, 02 Feb 2025 07:07:20 GMT
Content-Type: application/json; charset=utf-8
Content-Length: 2
Connection: keep-alive
Report-To: {"group":"heroku-nel","max_age":3600,"endpoints":[{"url":"https://nel.heroku.com/reports?ts=1738480040&sid=c4c9725f-1ab0-44d8-820f-430df2718e11&s=8uFmo6Zpvj8h6cQ40V5U20tes6Bw11A3KM%2BmsDJXISU%3D"}]}
Reporting-Endpoints: heroku-nel=https://nel.heroku.com/reports?ts=1738480040&sid=c4c9725f-1ab0-44d8-820f-430df2718e11&s=8uFmo6Zpvj8h6cQ40V5U20tes6Bw11A3KM%2BmsDJXISU%3D
Nel: {"report_to":"heroku-nel","max_age":3600,"success_fraction":0.005,"failure_fraction":0.05,"response_headers":["Via"]}
X-Powered-By: Express
Access-Control-Allow-Origin: *
Etag: W/"2-vyGp6PvFo4RvsFtPoIWeCReyIC8"
Via: 1.1 vegur
Cache-Control: max-age=14400
CF-Cache-Status: EXPIRED
Vary: Accept-Encoding
Server: cloudflare
CF-RAY: 90b857fd4bfbfaec-SJC
server-timing: cfL4;desc="?proto=TCP&rtt=1622&min_rtt=1545&rtt_var=635&sent=6&recv=7&lost=0&retrans=0&sent_bytes=3108&recv_bytes=762&delivery_rate=2772815&cwnd=252&unsent_bytes=0&cid=e17e0eba0939a262&ts=297&x=0"

{
    
}
HTTP/1.1 400 Bad Request
Date: Sun, 02 Feb 2025 07:07:21 GMT
Content-Type: application/json; charset=utf-8
Content-Length: 28
Connection: keep-alive
Cf-Ray: 90b857ff3afcfa96-SJC
Server: cloudflare
Report-To: {"group":"heroku-nel","max_age":3600,"endpoints":[{"url":"https://nel.heroku.com/reports?ts=1738480041&sid=c4c9725f-1ab0-44d8-820f-430df2718e11&s=QKiwLTQd2mtPiHWOrJe%2FjjYxE1Ayyl0HrlTBI%2Fmr9vo%3D"}]}
Reporting-Endpoints: heroku-nel=https://nel.heroku.com/reports?ts=1738480041&sid=c4c9725f-1ab0-44d8-820f-430df2718e11&s=QKiwLTQd2mtPiHWOrJe%2FjjYxE1Ayyl0HrlTBI%2Fmr9vo%3D
Nel: {"report_to":"heroku-nel","max_age":3600,"success_fraction":0.005,"failure_fraction":0.05,"response_headers":["Via"]}
X-Powered-By: Express
Access-Control-Allow-Origin: *
Etag: W/"1c-NmpazMScs9tOqR7eDEesn+pqC9Q"
Via: 1.1 vegur
Cf-Cache-Status: DYNAMIC
server-timing: cfL4;desc="?proto=TCP&rtt=1459&min_rtt=1442&rtt_var=553&sent=6&recv=7&lost=0&retrans=0&sent_bytes=3109&recv_bytes=855&delivery_rate=2970873&cwnd=252&unsent_bytes=0&cid=be53a5c4d8e063fa&ts=295&x=0"

{
    "error": "Missing password"
}
]]></system-out>
  <system-err><![CDATA[]]></system-err>
</testsuite>
