<?xml version="1.0" encoding="UTF-8"?>
<testsuite name="apiauto.TestNegative" tests="2" skipped="0" failures="0" errors="0" timestamp="2025-02-02T07:13:28" hostname="fv-az1444-301" time="0.229">
  <properties/>
  <testcase name="testNegativeGetUser" classname="apiauto.TestNegative" time="0.045"/>
  <testcase name="testNegativeRegisterUnsuccessful" classname="apiauto.TestNegative" time="0.182"/>
  <system-out><![CDATA[HTTP/1.1 404 Not Found
Date: Sun, 02 Feb 2025 07:13:28 GMT
Content-Type: application/json; charset=utf-8
Content-Length: 2
Connection: keep-alive
Report-To: {"group":"heroku-nel","max_age":3600,"endpoints":[{"url":"https://nel.heroku.com/reports?ts=1738480269&sid=c4c9725f-1ab0-44d8-820f-430df2718e11&s=efZVjCk5AljQOKLdT9d8bquGdjKcfIF31hHC%2BXzdU4g%3D"}]}
Reporting-Endpoints: heroku-nel=https://nel.heroku.com/reports?ts=1738480269&sid=c4c9725f-1ab0-44d8-820f-430df2718e11&s=efZVjCk5AljQOKLdT9d8bquGdjKcfIF31hHC%2BXzdU4g%3D
Nel: {"report_to":"heroku-nel","max_age":3600,"success_fraction":0.005,"failure_fraction":0.05,"response_headers":["Via"]}
X-Powered-By: Express
Access-Control-Allow-Origin: *
Etag: W/"2-vyGp6PvFo4RvsFtPoIWeCReyIC8"
Via: 1.1 vegur
Cache-Control: max-age=14400
CF-Cache-Status: HIT
Age: 139
Vary: Accept-Encoding
Server: cloudflare
CF-RAY: 90b860f9a8a7202e-IAD
server-timing: cfL4;desc="?proto=TCP&rtt=1586&min_rtt=1516&rtt_var=619&sent=5&recv=7&lost=0&retrans=0&sent_bytes=3109&recv_bytes=762&delivery_rate=2825857&cwnd=252&unsent_bytes=0&cid=692df2b808c51f2b&ts=20&x=0"

{
    
}
HTTP/1.1 400 Bad Request
Date: Sun, 02 Feb 2025 07:13:28 GMT
Content-Type: application/json; charset=utf-8
Content-Length: 28
Connection: keep-alive
Report-To: {"group":"heroku-nel","max_age":3600,"endpoints":[{"url":"https://nel.heroku.com/reports?ts=1738480408&sid=c4c9725f-1ab0-44d8-820f-430df2718e11&s=6TN0pqEjVlw%2Bb%2FfLunflnqZtm1pNyLu18RFdz69NIUU%3D"}]}
Reporting-Endpoints: heroku-nel=https://nel.heroku.com/reports?ts=1738480408&sid=c4c9725f-1ab0-44d8-820f-430df2718e11&s=6TN0pqEjVlw%2Bb%2FfLunflnqZtm1pNyLu18RFdz69NIUU%3D
Nel: {"report_to":"heroku-nel","max_age":3600,"success_fraction":0.005,"failure_fraction":0.05,"response_headers":["Via"]}
X-Powered-By: Express
Access-Control-Allow-Origin: *
Etag: W/"1c-NmpazMScs9tOqR7eDEesn+pqC9Q"
Via: 1.1 vegur
cf-cache-status: DYNAMIC
Server: cloudflare
CF-RAY: 90b860f9ee9c0625-IAD
server-timing: cfL4;desc="?proto=TCP&rtt=1721&min_rtt=1487&rtt_var=725&sent=6&recv=7&lost=0&retrans=0&sent_bytes=3107&recv_bytes=855&delivery_rate=2880968&cwnd=248&unsent_bytes=0&cid=48547d125cf061e8&ts=161&x=0"

{
    "error": "Missing password"
}
]]></system-out>
  <system-err><![CDATA[]]></system-err>
</testsuite>
