<?xml version="1.0" encoding="UTF-8"?>
<testsuite name="apiauto.TestReqres" tests="6" skipped="0" failures="0" errors="0" timestamp="2025-02-02T07:07:14" hostname="fv-az797-775" time="6.037">
  <properties/>
  <testcase name="testDeleteUser" classname="apiauto.TestReqres" time="2.533"/>
  <testcase name="testGetListUsers" classname="apiauto.TestReqres" time="0.943"/>
  <testcase name="testPatchUser" classname="apiauto.TestReqres" time="0.713"/>
  <testcase name="testPostCreateUser" classname="apiauto.TestReqres" time="0.333"/>
  <testcase name="testPutUser" classname="apiauto.TestReqres" time="0.542"/>
  <testcase name="testValidateJsonSchemaGetSingleUser" classname="apiauto.TestReqres" time="0.9"/>
  <system-out><![CDATA[Request method:	DELETE
Request URI:	https://reqres.in/api/users/4
Proxy:			<none>
Request params:	<none>
Query params:	<none>
Form params:	<none>
Path params:	<none>
Headers:		Accept=*/*
Cookies:		<none>
Multiparts:		<none>
Body:			<none>
HTTP/1.1 204 No Content
Date: Sun, 02 Feb 2025 07:07:16 GMT
Content-Length: 0
Connection: keep-alive
Report-To: {"group":"heroku-nel","max_age":3600,"endpoints":[{"url":"https://nel.heroku.com/reports?ts=1738480036&sid=c4c9725f-1ab0-44d8-820f-430df2718e11&s=YBq6k5fsDDvxNuXdS1h%2FhRcZ3OvHqwjn8uQvTHT0TkQ%3D"}]}
Reporting-Endpoints: heroku-nel=https://nel.heroku.com/reports?ts=1738480036&sid=c4c9725f-1ab0-44d8-820f-430df2718e11&s=YBq6k5fsDDvxNuXdS1h%2FhRcZ3OvHqwjn8uQvTHT0TkQ%3D
Nel: {"report_to":"heroku-nel","max_age":3600,"success_fraction":0.005,"failure_fraction":0.05,"response_headers":["Via"]}
X-Powered-By: Express
Access-Control-Allow-Origin: *
Etag: W/"2-vyGp6PvFo4RvsFtPoIWeCReyIC8"
Via: 1.1 vegur
cf-cache-status: DYNAMIC
Server: cloudflare
CF-RAY: 90b857e4ad40cf2e-SJC
server-timing: cfL4;desc="?proto=TCP&rtt=1460&min_rtt=1429&rtt_var=558&sent=7&recv=7&lost=0&retrans=0&sent_bytes=3109&recv_bytes=762&delivery_rate=2997900&cwnd=252&unsent_bytes=0&cid=81e228c3cc8080e1&ts=420&x=0"
HTTP/1.1 200 OK
Date: Sun, 02 Feb 2025 07:07:17 GMT
Content-Type: application/json; charset=utf-8
Transfer-Encoding: chunked
Connection: keep-alive
Report-To: {"group":"heroku-nel","max_age":3600,"endpoints":[{"url":"https://nel.heroku.com/reports?ts=1735043472&sid=c4c9725f-1ab0-44d8-820f-430df2718e11&s=Sw7AmSelrkjFGfPbn2F07apQyy9rQdF5XOq3mf%2BCm6Q%3D"}]}
Reporting-Endpoints: heroku-nel=https://nel.heroku.com/reports?ts=1735043472&sid=c4c9725f-1ab0-44d8-820f-430df2718e11&s=Sw7AmSelrkjFGfPbn2F07apQyy9rQdF5XOq3mf%2BCm6Q%3D
Nel: {"report_to":"heroku-nel","max_age":3600,"success_fraction":0.005,"failure_fraction":0.05,"response_headers":["Via"]}
X-Powered-By: Express
Access-Control-Allow-Origin: *
Etag: W/"440-ZjsmMKR8P3usr2uJZbOCGCxC3Uw"
Via: 1.1 vegur
Cache-Control: max-age=14400
CF-Cache-Status: HIT
Age: 6557
Vary: Accept-Encoding
Server: cloudflare
CF-RAY: 90b857e7fad7cf65-SJC
Content-Encoding: gzip
server-timing: cfL4;desc="?proto=TCP&rtt=1417&min_rtt=1400&rtt_var=537&sent=5&recv=7&lost=0&retrans=0&sent_bytes=3107&recv_bytes=764&delivery_rate=3060000&cwnd=252&unsent_bytes=0&cid=9a98686102aeb5cf&ts=30&x=0"

{
    "page": 2,
    "per_page": 6,
    "total": 12,
    "total_pages": 2,
    "data": [
        {
            "id": 7,
            "email": "michael.lawson@reqres.in",
            "first_name": "Michael",
            "last_name": "Lawson",
            "avatar": "https://reqres.in/img/faces/7-image.jpg"
        },
        {
            "id": 8,
            "email": "lindsay.ferguson@reqres.in",
            "first_name": "Lindsay",
            "last_name": "Ferguson",
            "avatar": "https://reqres.in/img/faces/8-image.jpg"
        },
        {
            "id": 9,
            "email": "tobias.funke@reqres.in",
            "first_name": "Tobias",
            "last_name": "Funke",
            "avatar": "https://reqres.in/img/faces/9-image.jpg"
        },
        {
            "id": 10,
            "email": "byron.fields@reqres.in",
            "first_name": "Byron",
            "last_name": "Fields",
            "avatar": "https://reqres.in/img/faces/10-image.jpg"
        },
        {
            "id": 11,
            "email": "george.edwards@reqres.in",
            "first_name": "George",
            "last_name": "Edwards",
            "avatar": "https://reqres.in/img/faces/11-image.jpg"
        },
        {
            "id": 12,
            "email": "rachel.howell@reqres.in",
            "first_name": "Rachel",
            "last_name": "Howell",
            "avatar": "https://reqres.in/img/faces/12-image.jpg"
        }
    ],
    "support": {
        "url": "https://contentcaddy.io?utm_source=reqres&utm_medium=json&utm_campaign=referral",
        "text": "Tired of writing endless social media content? Let Content Caddy generate it for you."
    }
}
Previous Name Before PATCH: Emma
Request method:	PATCH
Request URI:	https://reqres.in/api/users/3
Proxy:			<none>
Request params:	<none>
Query params:	<none>
Form params:	<none>
Path params:	<none>
Headers:		Accept=*/*
				Content-Type=application/json
Cookies:		<none>
Multiparts:		<none>
Body:
{
    "first_name": "Indra New Patch"
}
HTTP/1.1 200 OK
Date: Sun, 02 Feb 2025 07:07:18 GMT
Content-Type: application/json; charset=utf-8
Transfer-Encoding: chunked
Connection: keep-alive
Report-To: {"group":"heroku-nel","max_age":3600,"endpoints":[{"url":"https://nel.heroku.com/reports?ts=1738480038&sid=c4c9725f-1ab0-44d8-820f-430df2718e11&s=vHcCRr2geXB2ECt0VPoZrcggvJDcRAA67i%2FYDq5CBe4%3D"}]}
Reporting-Endpoints: heroku-nel=https://nel.heroku.com/reports?ts=1738480038&sid=c4c9725f-1ab0-44d8-820f-430df2718e11&s=vHcCRr2geXB2ECt0VPoZrcggvJDcRAA67i%2FYDq5CBe4%3D
Nel: {"report_to":"heroku-nel","max_age":3600,"success_fraction":0.005,"failure_fraction":0.05,"response_headers":["Via"]}
X-Powered-By: Express
Access-Control-Allow-Origin: *
Etag: W/"47-IrtgNXapiipNkbYVORgg3Sh+43M"
Via: 1.1 vegur
cf-cache-status: DYNAMIC
Server: cloudflare
CF-RAY: 90b857f00f72fa8a-SJC
Content-Encoding: gzip
server-timing: cfL4;desc="?proto=TCP&rtt=1617&min_rtt=1575&rtt_var=620&sent=6&recv=7&lost=0&retrans=0&sent_bytes=3107&recv_bytes=845&delivery_rate=2720000&cwnd=252&unsent_bytes=0&cid=eccb53f81fd954d2&ts=296&x=0"

{
    "first_name": "Indra New Patch",
    "updatedAt": "2025-02-02T07:07:18.616Z"
}
HTTP/1.1 201 Created
Date: Sun, 02 Feb 2025 07:07:19 GMT
Content-Type: application/json; charset=utf-8
Content-Length: 82
Connection: keep-alive
Report-To: {"group":"heroku-nel","max_age":3600,"endpoints":[{"url":"https://nel.heroku.com/reports?ts=1738480038&sid=c4c9725f-1ab0-44d8-820f-430df2718e11&s=vHcCRr2geXB2ECt0VPoZrcggvJDcRAA67i%2FYDq5CBe4%3D"}]}
Reporting-Endpoints: heroku-nel=https://nel.heroku.com/reports?ts=1738480038&sid=c4c9725f-1ab0-44d8-820f-430df2718e11&s=vHcCRr2geXB2ECt0VPoZrcggvJDcRAA67i%2FYDq5CBe4%3D
Nel: {"report_to":"heroku-nel","max_age":3600,"success_fraction":0.005,"failure_fraction":0.05,"response_headers":["Via"]}
X-Powered-By: Express
Access-Control-Allow-Origin: *
Etag: W/"52-5b1/TUdI0dfP9zLUEwDd1A4F39Q"
Via: 1.1 vegur
cf-cache-status: DYNAMIC
Server: cloudflare
CF-RAY: 90b857f228f017d1-SJC
server-timing: cfL4;desc="?proto=TCP&rtt=1660&min_rtt=1642&rtt_var=653&sent=6&recv=7&lost=0&retrans=0&sent_bytes=3108&recv_bytes=855&delivery_rate=2390625&cwnd=252&unsent_bytes=0&cid=38d5013b1ffe7a32&ts=294&x=0"

{
    "name": "Indra",
    "job": "Advisor",
    "id": "352",
    "createdAt": "2025-02-02T07:07:18.953Z"
}
Previous Name Before PUT: Janet
Request method:	PUT
Request URI:	https://reqres.in/api/users/2
Proxy:			<none>
Request params:	<none>
Query params:	<none>
Form params:	<none>
Path params:	<none>
Headers:		Accept=*/*
				Content-Type=application/json
Cookies:		<none>
Multiparts:		<none>
Body:
{
    "last_name": "Weaver",
    "id": 2,
    "avatar": "https://reqres.in/img/faces/2-image.jpg",
    "first_name": "Indra New Put",
    "email": "janet.weaver@reqres.in"
}
HTTP/1.1 200 OK
Date: Sun, 02 Feb 2025 07:07:19 GMT
Content-Type: application/json; charset=utf-8
Transfer-Encoding: chunked
Connection: keep-alive
Report-To: {"group":"heroku-nel","max_age":3600,"endpoints":[{"url":"https://nel.heroku.com/reports?ts=1738480039&sid=c4c9725f-1ab0-44d8-820f-430df2718e11&s=sanPJfzi5xa60fY5pDVo1f8%2FyHhzVPdeVSYt9QUjcec%3D"}]}
Reporting-Endpoints: heroku-nel=https://nel.heroku.com/reports?ts=1738480039&sid=c4c9725f-1ab0-44d8-820f-430df2718e11&s=sanPJfzi5xa60fY5pDVo1f8%2FyHhzVPdeVSYt9QUjcec%3D
Nel: {"report_to":"heroku-nel","max_age":3600,"success_fraction":0.005,"failure_fraction":0.05,"response_headers":["Via"]}
X-Powered-By: Express
Access-Control-Allow-Origin: *
Etag: W/"b5-iD3ZB+qUixZCM2noKKRxiOhm8Ok"
Via: 1.1 vegur
CF-Cache-Status: DYNAMIC
Vary: Accept-Encoding
Server: cloudflare
CF-RAY: 90b857f58e85250d-SJC
Content-Encoding: gzip
server-timing: cfL4;desc="?proto=TCP&rtt=1593&min_rtt=1464&rtt_var=641&sent=6&recv=7&lost=0&retrans=0&sent_bytes=3107&recv_bytes=954&delivery_rate=2926229&cwnd=252&unsent_bytes=0&cid=4179497d3c3cf586&ts=283&x=0"

{
    "last_name": "Weaver",
    "id": 2,
    "avatar": "https://reqres.in/img/faces/2-image.jpg",
    "first_name": "Indra New Put",
    "email": "janet.weaver@reqres.in",
    "updatedAt": "2025-02-02T07:07:19.486Z"
}
Request method:	GET
Request URI:	https://reqres.in/api/users/5
Proxy:			<none>
Request params:	<none>
Query params:	<none>
Form params:	<none>
Path params:	<none>
Headers:		Accept=*/*
Cookies:		<none>
Multiparts:		<none>
Body:			<none>
HTTP/1.1 200 OK
Date: Sun, 02 Feb 2025 07:07:19 GMT
Content-Type: application/json; charset=utf-8
Transfer-Encoding: chunked
Connection: keep-alive
Report-To: {"group":"heroku-nel","max_age":3600,"endpoints":[{"url":"https://nel.heroku.com/reports?ts=1738274387&sid=c4c9725f-1ab0-44d8-820f-430df2718e11&s=9sUPkhMONFddHIKMEyXJzwKbAzMxAp4aKwWJoxFZCu0%3D"}]}
Reporting-Endpoints: heroku-nel=https://nel.heroku.com/reports?ts=1738274387&sid=c4c9725f-1ab0-44d8-820f-430df2718e11&s=9sUPkhMONFddHIKMEyXJzwKbAzMxAp4aKwWJoxFZCu0%3D
Nel: {"report_to":"heroku-nel","max_age":3600,"success_fraction":0.005,"failure_fraction":0.05,"response_headers":["Via"]}
X-Powered-By: Express
Access-Control-Allow-Origin: *
Etag: W/"156-G8PxZj/FnZQ+SpFBW92ACW7nB0E"
Via: 1.1 vegur
Cache-Control: max-age=14400
CF-Cache-Status: REVALIDATED
Vary: Accept-Encoding
Server: cloudflare
CF-RAY: 90b857f79f81f9d8-SJC
Content-Encoding: gzip
server-timing: cfL4;desc="?proto=TCP&rtt=1438&min_rtt=1400&rtt_var=552&sent=6&recv=7&lost=0&retrans=0&sent_bytes=3107&recv_bytes=759&delivery_rate=3060000&cwnd=252&unsent_bytes=0&cid=13da3f53195b05a8&ts=291&x=0"

{
    "data": {
        "id": 5,
        "email": "charles.morris@reqres.in",
        "first_name": "Charles",
        "last_name": "Morris",
        "avatar": "https://reqres.in/img/faces/5-image.jpg"
    },
    "support": {
        "url": "https://contentcaddy.io?utm_source=reqres&utm_medium=json&utm_campaign=referral",
        "text": "Tired of writing endless social media content? Let Content Caddy generate it for you."
    }
}
]]></system-out>
  <system-err><![CDATA[]]></system-err>
</testsuite>
